2024-10-24 07:17:15 INFO  TC_001_AccountRegistraion:15 - ***TC_001_AccountRegistraion started***
2024-10-24 07:17:16 INFO  TC_001_AccountRegistraion:21 - Clicked on MyAccount...
2024-10-24 07:17:17 INFO  TC_001_AccountRegistraion:23 - Clicked on Register...
2024-10-24 07:17:17 INFO  TC_001_AccountRegistraion:28 - Entered First Name...
2024-10-24 07:17:17 INFO  TC_001_AccountRegistraion:30 - Entered Last Name...
2024-10-24 07:17:18 INFO  TC_001_AccountRegistraion:32 - Entered emailID...
2024-10-24 07:17:18 INFO  TC_001_AccountRegistraion:37 - Selected Newsletter...
2024-10-24 07:17:19 INFO  TC_001_AccountRegistraion:40 - Clicked on Continue...
2024-10-24 07:17:19 INFO  TC_001_AccountRegistraion:62 - ***TC_001_AccountRegistraion finished***
2024-10-24 07:17:28 INFO  TC_002_LoginTest:17 - *** TC_002_LoginTest Started ***
2024-10-24 07:17:30 INFO  TC_002_LoginTest:25 - entered email
2024-10-24 07:17:30 INFO  TC_002_LoginTest:27 - entered password
2024-10-24 07:17:31 INFO  TC_002_LoginTest:29 - clicked login
2024-10-24 07:17:31 INFO  TC_002_LoginTest:40 - *** TC_002_LoginTest Finished ***
2024-10-24 07:55:42 INFO  TC_001_AccountRegistraion:15 - ***TC_001_AccountRegistraion started***
2024-10-24 07:55:43 INFO  TC_001_AccountRegistraion:21 - Clicked on MyAccount...
2024-10-24 07:55:44 INFO  TC_001_AccountRegistraion:23 - Clicked on Register...
2024-10-24 07:55:44 INFO  TC_001_AccountRegistraion:28 - Entered First Name...
2024-10-24 07:55:44 INFO  TC_001_AccountRegistraion:30 - Entered Last Name...
2024-10-24 07:55:45 INFO  TC_001_AccountRegistraion:32 - Entered emailID...
2024-10-24 07:55:45 INFO  TC_001_AccountRegistraion:37 - Selected Newsletter...
2024-10-24 07:55:46 INFO  TC_001_AccountRegistraion:40 - Clicked on Continue...
2024-10-24 07:55:46 INFO  TC_001_AccountRegistraion:62 - ***TC_001_AccountRegistraion finished***
2024-10-24 07:55:56 INFO  TC_002_LoginTest:17 - *** TC_002_LoginTest Started ***
2024-10-24 07:55:57 INFO  TC_002_LoginTest:25 - entered email
2024-10-24 07:55:58 INFO  TC_002_LoginTest:27 - entered password
2024-10-24 07:55:58 INFO  TC_002_LoginTest:29 - clicked login
2024-10-24 07:55:58 INFO  TC_002_LoginTest:40 - *** TC_002_LoginTest Finished ***
2024-10-24 08:00:53 INFO  TC_001_AccountRegistraion:15 - ***TC_001_AccountRegistraion started***
2024-10-24 08:00:55 INFO  TC_001_AccountRegistraion:21 - Clicked on MyAccount...
2024-10-24 08:00:55 INFO  TC_001_AccountRegistraion:23 - Clicked on Register...
2024-10-24 08:00:56 INFO  TC_001_AccountRegistraion:28 - Entered First Name...
2024-10-24 08:00:56 INFO  TC_001_AccountRegistraion:30 - Entered Last Name...
2024-10-24 08:00:56 INFO  TC_001_AccountRegistraion:32 - Entered emailID...
2024-10-24 08:00:57 INFO  TC_001_AccountRegistraion:37 - Selected Newsletter...
2024-10-24 08:00:58 INFO  TC_001_AccountRegistraion:40 - Clicked on Continue...
2024-10-24 08:00:58 INFO  TC_001_AccountRegistraion:62 - ***TC_001_AccountRegistraion finished***
2024-10-24 08:01:06 INFO  TC_002_LoginTest:17 - *** TC_002_LoginTest Started ***
2024-10-24 08:01:08 INFO  TC_002_LoginTest:25 - entered email
2024-10-24 08:01:08 INFO  TC_002_LoginTest:27 - entered password
2024-10-24 08:01:09 INFO  TC_002_LoginTest:29 - clicked login
2024-10-24 08:01:09 INFO  TC_002_LoginTest:40 - *** TC_002_LoginTest Finished ***
